<?xml version="1.0" encoding="UTF-8" ?>
<testsuite tests="3" failures="0" name="service.globalsearch.OneDimensionalGlobalSearchTest" time="0.022" errors="0" skipped="0">
  <properties>
[...]
</properties>
  <testcase classname="service.globalsearch.OneDimensionalGlobalSearchTest" name="mainTest" time="0.021"/>
  <testcase classname="service.globalsearch.OneDimensionalGlobalSearchTest" name="oneIterationTest" time="0"/>
  <testcase classname="service.globalsearch.OneDimensionalGlobalSearchTest" name="multipleIterationsTest" time="0.001"/>
</testsuite>